[0m19:51:11.382179 [debug] [MainThread]: Sending event: {'category': 'dbt', 'action': 'invocation', 'label': 'start', 'context': [<snowplow_tracker.self_describing_json.SelfDescribingJson object at 0x0000013EA16FF190>, <snowplow_tracker.self_describing_json.SelfDescribingJson object at 0x0000013EA0605F90>, <snowplow_tracker.self_describing_json.SelfDescribingJson object at 0x0000013EA169DE10>]}


============================== 19:51:11.399952 | ea53bf2e-7731-46e9-9516-9b43f77de135 ==============================
[0m19:51:11.399952 [info ] [MainThread]: Running with dbt=1.11.11
[0m19:51:11.401968 [debug] [MainThread]: running dbt with arguments {'version_check': 'True', 'no_print': 'None', 'static_parser': 'True', 'target_path': 'None', 'warn_error_options': 'WarnErrorOptionsV2(error=[], warn=[], silence=[])', 'printer_width': '80', 'write_json': 'True', 'introspect': 'True', 'log_cache_events': 'False', 'empty': 'None', 'cache_selected_only': 'False', 'log_format': 'default', 'debug': 'False', 'fail_fast': 'False', 'profiles_dir': 'C:\\Users\\nagzz\\.dbt', 'send_anonymous_usage_stats': 'True', 'quiet': 'False', 'warn_error': 'None', 'partial_parse': 'True', 'indirect_selection': 'eager', 'use_colors': 'True', 'invocation_command': 'dbt init attribution', 'use_experimental_parser': 'False', 'log_path': 'logs'}
[0m19:51:11.498613 [debug] [MainThread]: Starter project path: C:\Users\nagzz\AppData\Local\Programs\Python\Python311\Lib\site-packages\dbt\include\starter_project
[0m19:51:11.673533 [info ] [MainThread]: 
Your new dbt project "attribution" was created!

For more information on how to configure the profiles.yml file,
please consult the dbt documentation here:

  https://docs.getdbt.com/docs/configure-your-profile

One more thing:

Need help? Don't hesitate to reach out to us via GitHub issues or on Slack:

  https://community.getdbt.com/

Happy modeling!

[0m19:51:11.676505 [info ] [MainThread]: Setting up your profile.
[0m19:52:59.175230 [info ] [MainThread]: Profile attribution written to C:\Users\nagzz\.dbt\profiles.yml using target's profile_template.yml and your supplied values. Run 'dbt debug' to validate the connection.
[0m19:52:59.180833 [debug] [MainThread]: Command `dbt init` succeeded at 19:52:59.179806 after 108.12 seconds
[0m19:52:59.180833 [debug] [MainThread]: Sending event: {'category': 'dbt', 'action': 'invocation', 'label': 'end', 'context': [<snowplow_tracker.self_describing_json.SelfDescribingJson object at 0x0000013EA1706C10>, <snowplow_tracker.self_describing_json.SelfDescribingJson object at 0x0000013EA16A02D0>, <snowplow_tracker.self_describing_json.SelfDescribingJson object at 0x0000013E99B7D9D0>]}
[0m19:52:59.180833 [debug] [MainThread]: Flushing usage events
[0m19:53:02.076780 [debug] [MainThread]: An error was encountered while trying to flush usage events
